[17:14:19] [main/INFO] (FabricLoader/GameProvider) Loading Minecraft 1.21.4 with Fabric Loader 0.16.9
[17:14:19] [main/INFO] (FabricLoader) Loading 55 mods:
	- dyefulmod 1.0.0
	- fabric-api 0.114.0+1.21.4
	- fabric-api-base 0.4.54+b47eab6b04
	- fabric-api-lookup-api-v1 1.6.86+b1caf1e904
	- fabric-biome-api-v1 15.0.6+b1c29d8e04
	- fabric-block-api-v1 1.0.31+7feeb73304
	- fabric-block-view-api-v2 1.0.19+7feeb73304
	- fabric-blockrenderlayer-v1 2.0.8+7feeb73304
	- fabric-client-gametest-api-v1 3.0.0+1f6471e604
	- fabric-client-tags-api-v1 1.1.29+20ea1e2304
	- fabric-command-api-v1 1.2.62+f71b366f04
	- fabric-command-api-v2 2.2.41+e496eb1504
	- fabric-commands-v0 0.2.79+df3654b304
	- fabric-content-registries-v0 9.1.14+7feeb73304
	- fabric-convention-tags-v1 2.1.11+7f945d5b04
	- fabric-convention-tags-v2 2.10.1+e7d3c6e504
	- fabric-crash-report-info-v1 0.3.6+7feeb73304
	- fabric-data-attachment-api-v1 1.4.6+9aea556b04
	- fabric-data-generation-api-v1 22.2.4+20ea1e2304
	- fabric-dimensions-v1 4.0.10+7feeb73304
	- fabric-entity-events-v1 2.0.12+60fccc7604
	- fabric-events-interaction-v0 4.0.2+a4eebcf004
	- fabric-game-rule-api-v1 1.0.62+7feeb73304
	- fabric-gametest-api-v1 2.0.21+7feeb73304
	- fabric-item-api-v1 11.1.14+203e6b2304
	- fabric-item-group-api-v1 4.1.23+7feeb73304
	- fabric-key-binding-api-v1 1.0.56+7feeb73304
	- fabric-keybindings-v0 0.2.54+df3654b304
	- fabric-lifecycle-events-v1 2.5.4+bf2a60eb04
	- fabric-loot-api-v2 3.0.33+3f89f5a504
	- fabric-loot-api-v3 1.0.21+203e6b2304
	- fabric-message-api-v1 6.0.25+7feeb73304
	- fabric-model-loading-api-v1 4.2.0+8ca2ae8d04
	- fabric-networking-api-v1 4.3.9+f371ccb904
	- fabric-object-builder-api-v1 18.0.8+d70d2c0604
	- fabric-particles-v1 4.0.14+7feeb73304
	- fabric-recipe-api-v1 8.0.6+9ceeb58c04
	- fabric-registry-sync-v0 6.1.3+e7d3c6e504
	- fabric-renderer-api-v1 5.0.2+84404cdd04
	- fabric-renderer-indigo 2.0.2+84404cdd04
	- fabric-rendering-data-attachment-v1 0.3.57+73761d2e04
	- fabric-rendering-fluids-v1 3.1.19+7feeb73304
	- fabric-rendering-v1 10.1.2+b874120c04
	- fabric-resource-conditions-api-v1 5.0.13+203e6b2304
	- fabric-resource-loader-v0 3.0.11+b1caf1e904
	- fabric-screen-api-v1 2.0.38+7feeb73304
	- fabric-screen-handler-api-v1 1.3.110+7feeb73304
	- fabric-sound-api-v1 1.0.32+7feeb73304
	- fabric-tag-api-v1 1.0.2+20ea1e2304
	- fabric-transfer-api-v1 5.4.9+efa825c904
	- fabric-transitive-access-wideners-v1 6.3.2+56e78b9b04
	- fabricloader 0.16.9
	- java 21
	- minecraft 1.21.4
	- mixinextras 0.4.1
[17:14:19] [main/INFO] (FabricLoader/Mixin) SpongePowered MIXIN Subsystem Version=0.8.7 Source=file:/C:/Users/unodo/.gradle/caches/modules-2/files-2.1/net.fabricmc/sponge-mixin/0.15.4+mixin.0.8.7/6a12aacc794f1078458433116e9ed42c1cc98096/sponge-mixin-0.15.4+mixin.0.8.7.jar Service=Knot/Fabric Env=CLIENT
[17:14:20] [main/INFO] (FabricLoader/Mixin) Loaded Fabric development mappings for mixin remapper!
[17:14:20] [main/INFO] (FabricLoader/Mixin) Compatibility level set to JAVA_21
[17:14:21] [main/INFO] (FabricLoader/MixinExtras|Service) Initializing MixinExtras via com.llamalad7.mixinextras.service.MixinExtrasServiceImpl(version=0.4.1).
[17:14:22] [Datafixer Bootstrap/INFO] (Minecraft) 243 Datafixer optimizations took 496 milliseconds
[17:14:28] [Render thread/INFO] (Minecraft) Environment: Environment[sessionHost=https://sessionserver.mojang.com, servicesHost=https://api.minecraftservices.com, name=PROD]
[17:14:28] [Render thread/INFO] (Minecraft) Setting user: Player1
[17:14:28] [Render thread/INFO] (dyefulmod) Registering Mod Items for dyefulmod
[17:14:29] [Render thread/INFO] (dyefulmod) Registering Mod Block for dyefulmod
[17:14:29] [Render thread/INFO] (Indigo) [Indigo] Registering Indigo renderer!
[17:14:30] [Render thread/INFO] (Minecraft) Backend library: LWJGL version 3.3.3-snapshot
[17:14:31] [Render thread/INFO] (Minecraft) Reloading ResourceManager: vanilla, fabric, dyefulmod, fabric-api, fabric-api-base, fabric-api-lookup-api-v1, fabric-biome-api-v1, fabric-block-api-v1, fabric-block-view-api-v2, fabric-blockrenderlayer-v1, fabric-client-gametest-api-v1, fabric-client-tags-api-v1, fabric-command-api-v1, fabric-command-api-v2, fabric-commands-v0, fabric-content-registries-v0, fabric-convention-tags-v1, fabric-convention-tags-v2, fabric-crash-report-info-v1, fabric-data-attachment-api-v1, fabric-data-generation-api-v1, fabric-dimensions-v1, fabric-entity-events-v1, fabric-events-interaction-v0, fabric-game-rule-api-v1, fabric-gametest-api-v1, fabric-item-api-v1, fabric-item-group-api-v1, fabric-key-binding-api-v1, fabric-keybindings-v0, fabric-lifecycle-events-v1, fabric-loot-api-v2, fabric-loot-api-v3, fabric-message-api-v1, fabric-model-loading-api-v1, fabric-networking-api-v1, fabric-object-builder-api-v1, fabric-particles-v1, fabric-recipe-api-v1, fabric-registry-sync-v0, fabric-renderer-api-v1, fabric-renderer-indigo, fabric-rendering-data-attachment-v1, fabric-rendering-fluids-v1, fabric-rendering-v1, fabric-resource-conditions-api-v1, fabric-resource-loader-v0, fabric-screen-api-v1, fabric-screen-handler-api-v1, fabric-sound-api-v1, fabric-tag-api-v1, fabric-transfer-api-v1, fabric-transitive-access-wideners-v1, fabricloader, file/Default-Dark-Mode-1.20.2+-2024.6.0.zip, file/No Vignette 1.21.zip, file/NoBlurAndLowFire-1.21.zip, file/RemoveFog_1.21~1.21.1-1.1.zip, file/Slightly-Improved-Font-1.1.4.zip, file/Toast-Blue-Totem
[17:14:31] [Worker-Main-1/INFO] (Minecraft) Found unifont_jp_patch-16.0.01.hex, loading
[17:14:31] [Worker-Main-14/INFO] (Minecraft) Found unifont_all_no_pua-16.0.01.hex, loading
[17:14:32] [Worker-Main-12/WARN] (Minecraft) Missing model for variant: 'minecraft:pastel_blue_concrete_powder#'
[17:14:33] [Render thread/INFO] (Minecraft) OpenAL initialized on device OpenAL Soft on Speakers (High Definition Audio Device)
[17:14:33] [Render thread/INFO] (Minecraft) Sound engine started
[17:14:33] [Render thread/INFO] (Minecraft) Created: 1024x512x4 minecraft:textures/atlas/blocks.png-atlas
[17:14:33] [Render thread/INFO] (Minecraft) Created: 256x256x4 minecraft:textures/atlas/signs.png-atlas
[17:14:33] [Render thread/INFO] (Minecraft) Created: 512x512x4 minecraft:textures/atlas/shield_patterns.png-atlas
[17:14:33] [Render thread/INFO] (Minecraft) Created: 512x512x4 minecraft:textures/atlas/banner_patterns.png-atlas
[17:14:33] [Render thread/INFO] (Minecraft) Created: 2048x1024x4 minecraft:textures/atlas/armor_trims.png-atlas
[17:14:33] [Render thread/INFO] (Minecraft) Created: 256x256x4 minecraft:textures/atlas/chest.png-atlas
[17:14:33] [Render thread/INFO] (Minecraft) Created: 128x64x4 minecraft:textures/atlas/decorated_pot.png-atlas
[17:14:33] [Render thread/INFO] (Minecraft) Created: 512x256x4 minecraft:textures/atlas/shulker_boxes.png-atlas
[17:14:33] [Render thread/INFO] (Minecraft) Created: 512x256x4 minecraft:textures/atlas/beds.png-atlas
[17:14:33] [Render thread/INFO] (Minecraft) Created: 64x64x0 minecraft:textures/atlas/map_decorations.png-atlas
[17:14:33] [Render thread/INFO] (Minecraft) Created: 512x256x0 minecraft:textures/atlas/particles.png-atlas
[17:14:33] [Render thread/INFO] (Minecraft) Created: 512x256x0 minecraft:textures/atlas/paintings.png-atlas
[17:14:33] [Render thread/INFO] (Minecraft) Created: 256x128x0 minecraft:textures/atlas/mob_effects.png-atlas
[17:14:33] [Render thread/INFO] (Minecraft) Created: 1024x512x0 minecraft:textures/atlas/gui.png-atlas
[17:14:38] [Render thread/INFO] (Minecraft) Loaded 1370 recipes
[17:14:38] [Render thread/INFO] (Minecraft) Loaded 1481 advancements
[17:14:38] [Render thread/INFO] (BiomeModificationImpl) Applied 0 biome modifications to 0 of 65 new biomes in 1.112 ms
[17:14:38] [Server thread/INFO] (Minecraft) Starting integrated minecraft server version 1.21.4
[17:14:38] [Server thread/INFO] (Minecraft) Generating keypair
[17:14:39] [Server thread/INFO] (Minecraft) Preparing start region for dimension minecraft:overworld
[17:14:39] [Render thread/INFO] (Minecraft) Preparing spawn area: 0%
[17:14:39] [Render thread/INFO] (Minecraft) Preparing spawn area: 0%
[17:14:40] [Render thread/INFO] (Minecraft) Time elapsed: 651 ms
[17:14:40] [Server thread/INFO] (Minecraft) Changing view distance to 32, from 10
[17:14:40] [Server thread/INFO] (Minecraft) Changing simulation distance to 12, from 0
[17:14:41] [Server thread/INFO] (Minecraft) Player1[local:E:2f775402] logged in with entity id 14 at (17.75555142641829, 71.25872160453117, 143.2743323975719)
[17:14:41] [Server thread/INFO] (Minecraft) Player1 joined the game
[17:14:43] [Render thread/INFO] (Minecraft) Loaded 2 advancements
[17:14:45] [Render thread/ERROR] (Minecraft) Unreported exception thrown!
java.lang.IllegalArgumentException: Cannot add empty stack
	at knot/net.fabricmc.fabric.api.itemgroup.v1.FabricItemGroupEntries.checkStack(FabricItemGroupEntries.java:500) ~[fabric-item-group-api-v1-4.1.23+7feeb73304.jar:?]
	at knot/net.fabricmc.fabric.api.itemgroup.v1.FabricItemGroupEntries.add(FabricItemGroupEntries.java:90) ~[fabric-item-group-api-v1-4.1.23+7feeb73304.jar:?]
	at knot/net.minecraft.item.ItemGroup$Entries.add(ItemGroup.java:218) ~[minecraft-merged-abba00472f-1.21.4-net.fabricmc.yarn.1_21_4.1.21.4+build.4-v2.jar:?]
	at knot/net.toast.dyefulmod.block.ModBlocks.lambda$registerModBlocks$1(ModBlocks.java:51) ~[main/:?]
	at knot/net.fabricmc.fabric.impl.itemgroup.ItemGroupEventsImpl.lambda$createModifyEvent$1(ItemGroupEventsImpl.java:46) ~[fabric-item-group-api-v1-4.1.23+7feeb73304.jar:?]
	at knot/net.minecraft.item.ItemGroup.handler$zjn000$fabric-item-group-api-v1$getStacks(ItemGroup.java:1079) ~[minecraft-merged-abba00472f-1.21.4-net.fabricmc.yarn.1_21_4.1.21.4+build.4-v2.jar:?]
	at knot/net.minecraft.item.ItemGroup.updateEntries(ItemGroup.java:112) ~[minecraft-merged-abba00472f-1.21.4-net.fabricmc.yarn.1_21_4.1.21.4+build.4-v2.jar:?]
	at knot/net.minecraft.item.ItemGroups.method_47338(ItemGroups.java:1976) ~[minecraft-merged-abba00472f-1.21.4-net.fabricmc.yarn.1_21_4.1.21.4+build.4-v2.jar:?]
	at java.base/java.util.stream.ForEachOps$ForEachOp$OfRef.accept(ForEachOps.java:184) ~[?:?]
	at java.base/java.util.stream.ReferencePipeline$2$1.accept(ReferencePipeline.java:179) ~[?:?]
	at java.base/java.util.Iterator.forEachRemaining(Iterator.java:133) ~[?:?]
	at java.base/java.util.Spliterators$IteratorSpliterator.forEachRemaining(Spliterators.java:1939) ~[?:?]
	at java.base/java.util.stream.AbstractPipeline.copyInto(AbstractPipeline.java:509) ~[?:?]
	at java.base/java.util.stream.AbstractPipeline.wrapAndCopyInto(AbstractPipeline.java:499) ~[?:?]
	at java.base/java.util.stream.ForEachOps$ForEachOp.evaluateSequential(ForEachOps.java:151) ~[?:?]
	at java.base/java.util.stream.ForEachOps$ForEachOp$OfRef.evaluateSequential(ForEachOps.java:174) ~[?:?]
	at java.base/java.util.stream.AbstractPipeline.evaluate(AbstractPipeline.java:234) ~[?:?]
	at java.base/java.util.stream.ReferencePipeline.forEach(ReferencePipeline.java:596) ~[?:?]
	at knot/net.minecraft.item.ItemGroups.updateEntries(ItemGroups.java:1976) ~[minecraft-merged-abba00472f-1.21.4-net.fabricmc.yarn.1_21_4.1.21.4+build.4-v2.jar:?]
	at knot/net.minecraft.item.ItemGroups.updateDisplayContext(ItemGroups.java:1985) ~[minecraft-merged-abba00472f-1.21.4-net.fabricmc.yarn.1_21_4.1.21.4+build.4-v2.jar:?]
	at knot/net.minecraft.client.gui.screen.ingame.CreativeInventoryScreen.populateDisplay(CreativeInventoryScreen.java:155) ~[minecraft-merged-abba00472f-1.21.4-net.fabricmc.yarn.1_21_4.1.21.4+build.4-v2.jar:?]
	at knot/net.minecraft.client.gui.screen.ingame.CreativeInventoryScreen.<init>(CreativeInventoryScreen.java:126) ~[minecraft-merged-abba00472f-1.21.4-net.fabricmc.yarn.1_21_4.1.21.4+build.4-v2.jar:?]
	at knot/net.minecraft.client.gui.screen.ingame.InventoryScreen.init(InventoryScreen.java:51) ~[minecraft-merged-abba00472f-1.21.4-net.fabricmc.yarn.1_21_4.1.21.4+build.4-v2.jar:?]
	at knot/net.minecraft.client.gui.screen.Screen.init(Screen.java:327) ~[minecraft-merged-abba00472f-1.21.4-net.fabricmc.yarn.1_21_4.1.21.4+build.4-v2.jar:?]
	at knot/net.minecraft.client.MinecraftClient.setScreen(MinecraftClient.java:1190) ~[minecraft-merged-abba00472f-1.21.4-net.fabricmc.yarn.1_21_4.1.21.4+build.4-v2.jar:?]
	at knot/net.minecraft.client.MinecraftClient.handleInputEvents(MinecraftClient.java:1984) ~[minecraft-merged-abba00472f-1.21.4-net.fabricmc.yarn.1_21_4.1.21.4+build.4-v2.jar:?]
	at knot/net.minecraft.client.MinecraftClient.tick(MinecraftClient.java:1846) ~[minecraft-merged-abba00472f-1.21.4-net.fabricmc.yarn.1_21_4.1.21.4+build.4-v2.jar:?]
	at knot/net.minecraft.client.MinecraftClient.render(MinecraftClient.java:1301) ~[minecraft-merged-abba00472f-1.21.4-net.fabricmc.yarn.1_21_4.1.21.4+build.4-v2.jar:?]
	at knot/net.minecraft.client.MinecraftClient.run(MinecraftClient.java:930) [minecraft-merged-abba00472f-1.21.4-net.fabricmc.yarn.1_21_4.1.21.4+build.4-v2.jar:?]
	at knot/net.minecraft.client.main.Main.main(Main.java:240) [minecraft-merged-abba00472f-1.21.4-net.fabricmc.yarn.1_21_4.1.21.4+build.4-v2.jar:?]
	at net.fabricmc.loader.impl.game.minecraft.MinecraftGameProvider.launch(MinecraftGameProvider.java:480) [fabric-loader-0.16.9.jar:?]
	at net.fabricmc.loader.impl.launch.knot.Knot.launch(Knot.java:74) [fabric-loader-0.16.9.jar:?]
	at net.fabricmc.loader.impl.launch.knot.KnotClient.main(KnotClient.java:23) [fabric-loader-0.16.9.jar:?]
	at net.fabricmc.devlaunchinjector.Main.main(Main.java:86) [dev-launch-injector-0.2.1+build.8.jar:?]
[17:14:46] [Server thread/INFO] (Minecraft) Stopping server
[17:14:46] [Server thread/INFO] (Minecraft) Saving players
[17:14:46] [Server thread/INFO] (Minecraft) Saving worlds
[17:14:46] [Server thread/INFO] (Minecraft) Saving chunks for level 'ServerLevel[Dyeful Testing]'/minecraft:overworld
[17:14:47] [Server thread/INFO] (Minecraft) Saving chunks for level 'ServerLevel[Dyeful Testing]'/minecraft:the_nether
[17:14:47] [Server thread/INFO] (Minecraft) Saving chunks for level 'ServerLevel[Dyeful Testing]'/minecraft:the_end
[17:14:47] [Server thread/INFO] (Minecraft) ThreadedAnvilChunkStorage (Dyeful Testing): All chunks are saved
[17:14:47] [Server thread/INFO] (Minecraft) ThreadedAnvilChunkStorage (DIM-1): All chunks are saved
[17:14:47] [Server thread/INFO] (Minecraft) ThreadedAnvilChunkStorage (DIM1): All chunks are saved
[17:14:47] [Server thread/INFO] (Minecraft) ThreadedAnvilChunkStorage: All dimensions are saved
